build/outputs/logs/manifest-merger-debug-report.txt
-- Merging decision tree log ---
manifest
ADDED from StudioProjects\JinlgeVideo\AndroidManifest.xml:2:1-50:12
	package
		ADDED from StudioProjects\JinlgeVideo\AndroidManifest.xml:3:11-44
	android:versionName
		ADDED from StudioProjects\JinlgeVideo\AndroidManifest.xml:5:11-36
		INJECTED from StudioProjects\JinlgeVideo\AndroidManifest.xml
		INJECTED from StudioProjects\JinlgeVideo\AndroidManifest.xml
	android:versionCode
		ADDED from StudioProjects\JinlgeVideo\AndroidManifest.xml:4:11-34
		INJECTED from StudioProjects\JinlgeVideo\AndroidManifest.xml
		INJECTED from StudioProjects\JinlgeVideo\AndroidManifest.xml
	xmlns:android
		ADDED from StudioProjects\JinlgeVideo\AndroidManifest.xml:2:11-69
uses-sdk
ADDED from StudioProjects\JinlgeVideo\AndroidManifest.xml:7:5-9:44
MERGED from [JinlgeVideo:library:unspecified] AndroidManifest.xml:7:5-9:40
MERGED from [com.android.support:support-v4:25.3.1] AndroidManifest.xml:21:5-23:54
MERGED from [com.android.support:support-fragment:25.3.1] AndroidManifest.xml:21:5-23:60
MERGED from [com.android.support:support-media-compat:25.3.1] AndroidManifest.xml:21:5-23:63
MERGED from [com.android.support:support-core-ui:25.3.1] AndroidManifest.xml:21:5-23:58
MERGED from [com.android.support:support-core-utils:25.3.1] AndroidManifest.xml:21:5-23:61
MERGED from [com.android.support:support-compat:25.3.1] AndroidManifest.xml:21:5-23:58
	tools:overrideLibrary
		ADDED from [com.android.support:support-v4:25.3.1] AndroidManifest.xml:23:9-51
	android:targetSdkVersion
		ADDED from StudioProjects\JinlgeVideo\AndroidManifest.xml:9:13-42
	android:minSdkVersion
		ADDED from StudioProjects\JinlgeVideo\AndroidManifest.xml:8:13-39
uses-permission#android.permission.INTERNET
ADDED from StudioProjects\JinlgeVideo\AndroidManifest.xml:11:5-66
	android:name
		ADDED from StudioProjects\JinlgeVideo\AndroidManifest.xml:11:22-64
application
ADDED from StudioProjects\JinlgeVideo\AndroidManifest.xml:13:5-48:19
MERGED from [com.android.support:support-v4:25.3.1] AndroidManifest.xml:29:5-20
MERGED from [com.android.support:support-fragment:25.3.1] AndroidManifest.xml:29:5-20
MERGED from [com.android.support:support-media-compat:25.3.1] AndroidManifest.xml:29:5-20
MERGED from [com.android.support:support-core-ui:25.3.1] AndroidManifest.xml:29:5-20
MERGED from [com.android.support:support-core-utils:25.3.1] AndroidManifest.xml:29:5-20
MERGED from [com.android.support:support-compat:25.3.1] AndroidManifest.xml:29:5-20
	android:label
		ADDED from StudioProjects\JinlgeVideo\AndroidManifest.xml:16:13-45
	android:allowBackup
		ADDED from StudioProjects\JinlgeVideo\AndroidManifest.xml:14:13-39
	android:icon
		ADDED from StudioProjects\JinlgeVideo\AndroidManifest.xml:15:13-49
	android:theme
		ADDED from StudioProjects\JinlgeVideo\AndroidManifest.xml:17:13-44
activity#com.example.jinglevideo.MainActivity
ADDED from StudioProjects\JinlgeVideo\AndroidManifest.xml:18:9-27:20
	android:label
		ADDED from StudioProjects\JinlgeVideo\AndroidManifest.xml:20:17-49
	android:launchMode
		ADDED from StudioProjects\JinlgeVideo\AndroidManifest.xml:21:17-48
	android:name
		ADDED from StudioProjects\JinlgeVideo\AndroidManifest.xml:19:17-45
intent-filter#android.intent.action.MAIN+android.intent.category.LAUNCHER
ADDED from StudioProjects\JinlgeVideo\AndroidManifest.xml:22:13-26:29
action#android.intent.action.MAIN
ADDED from StudioProjects\JinlgeVideo\AndroidManifest.xml:23:17-68
	android:name
		ADDED from StudioProjects\JinlgeVideo\AndroidManifest.xml:23:25-66
category#android.intent.category.LAUNCHER
ADDED from StudioProjects\JinlgeVideo\AndroidManifest.xml:25:17-76
	android:name
		ADDED from StudioProjects\JinlgeVideo\AndroidManifest.xml:25:27-74
activity#com.example.jinglevideo.AboutActivity
ADDED from StudioProjects\JinlgeVideo\AndroidManifest.xml:28:9-32:20
	android:label
		ADDED from StudioProjects\JinlgeVideo\AndroidManifest.xml:30:17-61
	android:launchMode
		ADDED from StudioProjects\JinlgeVideo\AndroidManifest.xml:31:17-48
	android:name
		ADDED from StudioProjects\JinlgeVideo\AndroidManifest.xml:29:17-46
activity#com.example.jinglevideo.LinkListActivity
ADDED from StudioProjects\JinlgeVideo\AndroidManifest.xml:33:9-37:20
	android:label
		ADDED from StudioProjects\JinlgeVideo\AndroidManifest.xml:35:17-74
	android:launchMode
		ADDED from StudioProjects\JinlgeVideo\AndroidManifest.xml:36:17-48
	android:name
		ADDED from StudioProjects\JinlgeVideo\AndroidManifest.xml:34:17-49
activity#com.example.jinglevideo.OptionActivity
ADDED from StudioProjects\JinlgeVideo\AndroidManifest.xml:38:9-43:20
	android:label
		ADDED from StudioProjects\JinlgeVideo\AndroidManifest.xml:40:17-62
	android:launchMode
		ADDED from StudioProjects\JinlgeVideo\AndroidManifest.xml:41:17-47
	android:theme
		ADDED from StudioProjects\JinlgeVideo\AndroidManifest.xml:42:17-60
	android:name
		ADDED from StudioProjects\JinlgeVideo\AndroidManifest.xml:39:17-47
meta-data#channel
ADDED from StudioProjects\JinlgeVideo\AndroidManifest.xml:45:9-47:38
	android:value
		ADDED from StudioProjects\JinlgeVideo\AndroidManifest.xml:47:17-36
	android:name
		ADDED from StudioProjects\JinlgeVideo\AndroidManifest.xml:46:17-39
meta-data#android.support.VERSION
ADDED from [com.android.support:support-v4:25.3.1] AndroidManifest.xml:25:5-27:34
MERGED from [com.android.support:support-fragment:25.3.1] AndroidManifest.xml:25:5-27:34
MERGED from [com.android.support:support-media-compat:25.3.1] AndroidManifest.xml:25:5-27:34
MERGED from [com.android.support:support-core-ui:25.3.1] AndroidManifest.xml:25:5-27:34
MERGED from [com.android.support:support-core-utils:25.3.1] AndroidManifest.xml:25:5-27:34
MERGED from [com.android.support:support-compat:25.3.1] AndroidManifest.xml:25:5-27:34
	android:value
		ADDED from [com.android.support:support-v4:25.3.1] AndroidManifest.xml:27:9-31
	android:name
		ADDED from [com.android.support:support-v4:25.3.1] AndroidManifest.xml:26:9-47